2025-10-18 13:00:39,633 | DEBUG | Using proactor: IocpProactor
2025-10-18 13:00:39,634 | INFO | Launching persistent browser using: C:\Users\chase\Documents\Shared-Browser-Data
2025-10-18 13:00:41,396 | INFO | ✅ Browser launched successfully.
2025-10-18 13:00:41,397 | INFO | Navigating to https://d2l.lonestar.edu/
2025-10-18 13:00:45,092 | INFO | D2L homepage loaded.
2025-10-18 13:00:47,459 | INFO | Browser closed.
2025-10-18 13:00:47,473 | INFO | Playwright stopped.
2025-10-18 13:00:58,722 | DEBUG | Using proactor: IocpProactor
2025-10-18 13:00:58,723 | INFO | Launching persistent browser using: C:\Users\chase\Documents\Shared-Browser-Data
2025-10-18 13:00:59,905 | INFO | ✅ Browser launched successfully.
2025-10-18 13:00:59,905 | INFO | Navigating to https://d2l.lonestar.edu/
2025-10-18 13:01:03,618 | INFO | D2L homepage loaded.
2025-10-18 13:01:05,951 | INFO | Browser closed.
2025-10-18 13:01:05,962 | INFO | Playwright stopped.
2025-10-18 13:23:15,391 | DEBUG | Using proactor: IocpProactor
2025-10-18 13:23:15,392 | INFO | Launching persistent browser using: C:\Users\chase\Documents\Shared-Browser-Data
2025-10-18 13:23:15,401 | INFO | ✅ Browser launched successfully.
2025-10-18 13:23:15,401 | ERROR | Unexpected error launching browser: 'NoneType' object has no attribute 'pages'
Traceback (most recent call last):
  File "C:\Users\chase\Documents\School Scrips\D2L-Macro\d2l_playwright_processor.py", line 70, in launch_browser
    page = self.browser.pages[0] if self.browser.pages else await self.browser.new_page()
                                    ^^^^^^^^^^^^^^^^^^
AttributeError: 'NoneType' object has no attribute 'pages'
2025-10-18 13:23:15,409 | INFO | Debug report saved: C:\Users\chase\Documents\School Scrips\D2L-Macro\debug_logs\debug_launch_browser_2025-10-18_13-23-15.txt
2025-10-18 13:23:15,416 | ERROR | Process tasks error: 'NoneType' object has no attribute 'pages'
Traceback (most recent call last):
  File "C:\Users\chase\Documents\School Scrips\D2L-Macro\d2l_playwright_processor.py", line 113, in process_tasks
    page = await self.launch_browser()
           ^^^^^^^^^^^^^^^^^^^^^^^^^^^
  File "C:\Users\chase\Documents\School Scrips\D2L-Macro\d2l_playwright_processor.py", line 70, in launch_browser
    page = self.browser.pages[0] if self.browser.pages else await self.browser.new_page()
                                    ^^^^^^^^^^^^^^^^^^
AttributeError: 'NoneType' object has no attribute 'pages'
2025-10-18 13:23:15,420 | INFO | Debug report saved: C:\Users\chase\Documents\School Scrips\D2L-Macro\debug_logs\debug_process_tasks_2025-10-18_13-23-15.txt
2025-10-18 13:23:15,426 | ERROR | Fatal error in main: 'NoneType' object has no attribute 'pages'
Traceback (most recent call last):
  File "C:\Users\chase\Documents\School Scrips\D2L-Macro\d2l_playwright_processor.py", line 183, in main
    await processor.process_tasks(action, course_code)
  File "C:\Users\chase\Documents\School Scrips\D2L-Macro\d2l_playwright_processor.py", line 113, in process_tasks
    page = await self.launch_browser()
           ^^^^^^^^^^^^^^^^^^^^^^^^^^^
  File "C:\Users\chase\Documents\School Scrips\D2L-Macro\d2l_playwright_processor.py", line 70, in launch_browser
    page = self.browser.pages[0] if self.browser.pages else await self.browser.new_page()
                                    ^^^^^^^^^^^^^^^^^^
AttributeError: 'NoneType' object has no attribute 'pages'
2025-10-18 13:23:15,428 | INFO | Debug report saved: C:\Users\chase\Documents\School Scrips\D2L-Macro\debug_logs\debug_main_2025-10-18_13-23-15.txt
2025-10-18 13:23:58,110 | DEBUG | Using proactor: IocpProactor
2025-10-18 13:23:58,111 | INFO | Launching persistent browser using: C:\Users\chase\Documents\Shared-Browser-Data
2025-10-18 13:23:58,122 | INFO | ✅ Browser launched successfully.
2025-10-18 13:23:58,122 | ERROR | Unexpected error launching browser: 'NoneType' object has no attribute 'pages'
Traceback (most recent call last):
  File "C:\Users\chase\Documents\School Scrips\D2L-Macro\d2l_playwright_processor.py", line 70, in launch_browser
    page = self.browser.pages[0] if self.browser.pages else await self.browser.new_page()
                                    ^^^^^^^^^^^^^^^^^^
AttributeError: 'NoneType' object has no attribute 'pages'
2025-10-18 13:23:58,124 | INFO | Debug report saved: C:\Users\chase\Documents\School Scrips\D2L-Macro\debug_logs\debug_launch_browser_2025-10-18_13-23-58.txt
2025-10-18 13:23:58,130 | ERROR | Process tasks error: 'NoneType' object has no attribute 'pages'
Traceback (most recent call last):
  File "C:\Users\chase\Documents\School Scrips\D2L-Macro\d2l_playwright_processor.py", line 113, in process_tasks
    page = await self.launch_browser()
           ^^^^^^^^^^^^^^^^^^^^^^^^^^^
  File "C:\Users\chase\Documents\School Scrips\D2L-Macro\d2l_playwright_processor.py", line 70, in launch_browser
    page = self.browser.pages[0] if self.browser.pages else await self.browser.new_page()
                                    ^^^^^^^^^^^^^^^^^^
AttributeError: 'NoneType' object has no attribute 'pages'
2025-10-18 13:23:58,131 | INFO | Debug report saved: C:\Users\chase\Documents\School Scrips\D2L-Macro\debug_logs\debug_process_tasks_2025-10-18_13-23-58.txt
2025-10-18 13:23:58,138 | ERROR | Fatal error in main: 'NoneType' object has no attribute 'pages'
Traceback (most recent call last):
  File "C:\Users\chase\Documents\School Scrips\D2L-Macro\d2l_playwright_processor.py", line 183, in main
    await processor.process_tasks(action, course_code)
  File "C:\Users\chase\Documents\School Scrips\D2L-Macro\d2l_playwright_processor.py", line 113, in process_tasks
    page = await self.launch_browser()
           ^^^^^^^^^^^^^^^^^^^^^^^^^^^
  File "C:\Users\chase\Documents\School Scrips\D2L-Macro\d2l_playwright_processor.py", line 70, in launch_browser
    page = self.browser.pages[0] if self.browser.pages else await self.browser.new_page()
                                    ^^^^^^^^^^^^^^^^^^
AttributeError: 'NoneType' object has no attribute 'pages'
2025-10-18 13:23:58,140 | INFO | Debug report saved: C:\Users\chase\Documents\School Scrips\D2L-Macro\debug_logs\debug_main_2025-10-18_13-23-58.txt
2025-10-18 13:24:31,468 | DEBUG | Using proactor: IocpProactor
2025-10-18 13:24:31,469 | INFO | Launching persistent browser using: C:\Users\chase\Documents\Shared-Browser-Data
2025-10-18 13:24:31,478 | INFO | ✅ Browser launched successfully.
2025-10-18 13:24:31,478 | ERROR | Unexpected error launching browser: 'NoneType' object has no attribute 'pages'
Traceback (most recent call last):
  File "C:\Users\chase\Documents\School Scrips\D2L-Macro\d2l_playwright_processor.py", line 70, in launch_browser
    page = self.browser.pages[0] if self.browser.pages else await self.browser.new_page()
                                    ^^^^^^^^^^^^^^^^^^
AttributeError: 'NoneType' object has no attribute 'pages'
2025-10-18 13:24:31,481 | INFO | Debug report saved: C:\Users\chase\Documents\School Scrips\D2L-Macro\debug_logs\debug_launch_browser_2025-10-18_13-24-31.txt
2025-10-18 13:24:31,488 | ERROR | Process tasks error: 'NoneType' object has no attribute 'pages'
Traceback (most recent call last):
  File "C:\Users\chase\Documents\School Scrips\D2L-Macro\d2l_playwright_processor.py", line 113, in process_tasks
    page = await self.launch_browser()
           ^^^^^^^^^^^^^^^^^^^^^^^^^^^
  File "C:\Users\chase\Documents\School Scrips\D2L-Macro\d2l_playwright_processor.py", line 70, in launch_browser
    page = self.browser.pages[0] if self.browser.pages else await self.browser.new_page()
                                    ^^^^^^^^^^^^^^^^^^
AttributeError: 'NoneType' object has no attribute 'pages'
2025-10-18 13:24:31,490 | INFO | Debug report saved: C:\Users\chase\Documents\School Scrips\D2L-Macro\debug_logs\debug_process_tasks_2025-10-18_13-24-31.txt
2025-10-18 13:24:31,497 | ERROR | Fatal error in main: 'NoneType' object has no attribute 'pages'
Traceback (most recent call last):
  File "C:\Users\chase\Documents\School Scrips\D2L-Macro\d2l_playwright_processor.py", line 183, in main
    await processor.process_tasks(action, course_code)
  File "C:\Users\chase\Documents\School Scrips\D2L-Macro\d2l_playwright_processor.py", line 113, in process_tasks
    page = await self.launch_browser()
           ^^^^^^^^^^^^^^^^^^^^^^^^^^^
  File "C:\Users\chase\Documents\School Scrips\D2L-Macro\d2l_playwright_processor.py", line 70, in launch_browser
    page = self.browser.pages[0] if self.browser.pages else await self.browser.new_page()
                                    ^^^^^^^^^^^^^^^^^^
AttributeError: 'NoneType' object has no attribute 'pages'
2025-10-18 13:24:31,498 | INFO | Debug report saved: C:\Users\chase\Documents\School Scrips\D2L-Macro\debug_logs\debug_main_2025-10-18_13-24-31.txt
2025-10-18 13:40:05,372 | DEBUG | Using proactor: IocpProactor
2025-10-18 13:40:05,876 | INFO | Launching Chrome manually via subprocess with CDP...
2025-10-18 13:40:10,888 | INFO | Connecting Playwright to running Chrome instance...
2025-10-18 13:40:11,296 | INFO | ✅ Connected successfully via CDP.
2025-10-18 13:40:11,296 | INFO | Navigating to https://d2l.lonestar.edu/
2025-10-18 13:40:52,588 | DEBUG | Using proactor: IocpProactor
2025-10-18 13:40:53,106 | INFO | Launching Chrome manually via subprocess with CDP...
2025-10-18 13:40:58,123 | INFO | Connecting Playwright to running Chrome instance...
2025-10-18 13:40:58,594 | INFO | ✅ Connected successfully via CDP.
2025-10-18 13:40:58,594 | INFO | Navigating to https://d2l.lonestar.edu/
2025-10-18 13:49:59,031 | DEBUG | Using proactor: IocpProactor
2025-10-18 13:50:00,415 | WARNING | ⚠️ Could not connect to existing Chrome: BrowserType.connect_over_cdp: connect ECONNREFUSED ::1:9222
Call log:
  - <ws preparing> retrieving websocket url from http://localhost:9222

2025-10-18 13:50:00,415 | INFO | 🚀 Launching persistent Chrome context...
2025-10-18 13:50:01,083 | INFO | 🌐 Navigating to https://d2l.lonestar.edu/...
2025-10-18 13:50:05,526 | INFO | ✅ Browser ready for manual login.
2025-10-18 13:55:38,989 | DEBUG | Using proactor: IocpProactor
2025-10-18 13:55:40,329 | WARNING | ❌ Could not connect to existing browser: BrowserType.connect_over_cdp: connect ECONNREFUSED ::1:9222
Call log:
  - <ws preparing> retrieving websocket url from http://localhost:9222

2025-10-18 13:55:40,329 | INFO | ✅ Using shared browser data from: C:\Users\chase\Documents\Shared-Browser-Data
2025-10-18 13:55:41,059 | INFO | 🌐 Navigating to D2L base URL...
2025-10-18 13:55:45,140 | INFO | ✅ Browser ready for manual login.
2025-10-18 14:00:41,401 | INFO | 🐍 D2L Processor started via CLI.
2025-10-18 14:00:41,401 | INFO | 🧠 Starting D2L automation process...
2025-10-18 14:00:41,401 | DEBUG | Using proactor: IocpProactor
2025-10-18 14:00:41,402 | INFO | 🚀 Starting D2L browser automation...
2025-10-18 14:00:42,769 | WARNING | ⚠️ Could not connect to existing Chrome: BrowserType.connect_over_cdp: connect ECONNREFUSED ::1:9222
Call log:
  - <ws preparing> retrieving websocket url from http://localhost:9222

2025-10-18 14:00:42,769 | INFO | 🌐 Launching persistent Chrome context...
2025-10-18 14:00:43,494 | INFO | 🌍 Navigating to D2L base URL: https://d2l.lonestar.edu/
2025-10-18 14:00:47,566 | INFO | ✅ Browser ready for manual login.
2025-10-18 14:00:47,566 | INFO | 🕓 Keeping browser open indefinitely for D2L session.
2025-10-18 14:01:37,696 | INFO | 🐍 D2L Processor started via CLI.
2025-10-18 14:01:37,696 | INFO | 🧠 Starting D2L automation process...
2025-10-18 14:01:37,697 | DEBUG | Using proactor: IocpProactor
2025-10-18 14:01:37,698 | INFO | 🚀 Starting D2L browser automation...
2025-10-18 14:01:39,084 | WARNING | ⚠️ Could not connect to existing Chrome: BrowserType.connect_over_cdp: connect ECONNREFUSED ::1:9222
Call log:
  - <ws preparing> retrieving websocket url from http://localhost:9222

2025-10-18 14:01:39,084 | INFO | 🌐 Launching persistent Chrome context...
2025-10-18 14:01:39,817 | INFO | 🌍 Navigating to D2L base URL: https://d2l.lonestar.edu/
2025-10-18 14:01:43,838 | INFO | ✅ Browser ready for manual login.
2025-10-18 14:01:43,838 | INFO | 🕓 Keeping browser open indefinitely for D2L session.
2025-10-18 14:15:10,657 | INFO | 🐍 D2L Processor started via CLI.
2025-10-18 14:15:10,657 | INFO | 🧠 Starting D2L automation process...
2025-10-18 14:15:10,658 | DEBUG | Using proactor: IocpProactor
2025-10-18 14:15:10,658 | INFO | 🚀 Starting D2L browser automation...
2025-10-18 14:15:12,065 | INFO | ✅ Connected to existing Chrome session via CDP.
2025-10-18 14:15:12,065 | INFO | 🌍 Navigating to D2L base URL: https://d2l.lonestar.edu/
2025-10-18 14:15:15,921 | INFO | ✅ Browser ready for manual login.
2025-10-18 14:15:15,921 | INFO | 🕓 Keeping browser open indefinitely for D2L session.
2025-10-18 14:15:32,670 | INFO | 🐍 D2L Processor started via CLI.
2025-10-18 14:15:32,670 | INFO | 🧠 Starting D2L automation process...
2025-10-18 14:15:32,670 | DEBUG | Using proactor: IocpProactor
2025-10-18 14:15:32,671 | INFO | 🚀 Starting D2L browser automation...
2025-10-18 14:15:34,118 | INFO | ✅ Connected to existing Chrome session via CDP.
2025-10-18 14:15:34,118 | INFO | 🌍 Navigating to D2L base URL: https://d2l.lonestar.edu/
2025-10-18 14:15:37,919 | INFO | ✅ Browser ready for manual login.
2025-10-18 14:15:37,919 | INFO | 🕓 Keeping browser open indefinitely for D2L session.
2025-10-18 14:15:52,994 | INFO | 🐍 D2L Processor started via CLI.
2025-10-18 14:15:52,994 | INFO | 🧠 Starting D2L automation process...
2025-10-18 14:15:52,994 | DEBUG | Using proactor: IocpProactor
2025-10-18 14:15:52,995 | INFO | 🚀 Starting D2L browser automation...
2025-10-18 14:15:54,403 | INFO | ✅ Connected to existing Chrome session via CDP.
2025-10-18 14:15:54,403 | INFO | 🌍 Navigating to D2L base URL: https://d2l.lonestar.edu/
2025-10-18 14:15:58,241 | INFO | ✅ Browser ready for manual login.
2025-10-18 14:15:58,241 | INFO | 🕓 Keeping browser open indefinitely for D2L session.
2025-10-18 14:17:19,681 | INFO | 🐍 D2L Processor started via CLI.
2025-10-18 14:17:19,682 | INFO | 🧠 Starting D2L automation process...
2025-10-18 14:17:19,682 | DEBUG | Using proactor: IocpProactor
2025-10-18 14:17:19,683 | INFO | 🚀 Starting D2L browser automation...
2025-10-18 14:17:21,094 | INFO | ✅ Connected to existing Chrome session via CDP.
2025-10-18 14:17:21,095 | INFO | 🌍 Navigating to D2L base URL: https://d2l.lonestar.edu/
2025-10-18 14:17:24,932 | INFO | ✅ Browser ready for manual login.
2025-10-18 14:17:24,932 | INFO | 🕓 Keeping browser open indefinitely for D2L session.
2025-10-18 14:17:36,414 | INFO | 🐍 D2L Processor started via CLI.
2025-10-18 14:17:36,414 | INFO | 🧠 Starting D2L automation process...
2025-10-18 14:17:36,414 | DEBUG | Using proactor: IocpProactor
2025-10-18 14:17:36,415 | INFO | 🚀 Starting D2L browser automation...
2025-10-18 14:17:37,848 | INFO | ✅ Connected to existing Chrome session via CDP.
2025-10-18 14:17:37,848 | INFO | 🌍 Navigating to D2L base URL: https://d2l.lonestar.edu/
2025-10-18 14:17:44,315 | INFO | ✅ Browser ready for manual login.
2025-10-18 14:17:44,315 | INFO | 🕓 Keeping browser open indefinitely for D2L session.
2025-10-18 14:21:17,562 | INFO | 🐍 D2L Processor started via CLI.
2025-10-18 14:21:17,562 | INFO | 🧠 Starting D2L automation process...
2025-10-18 14:21:17,562 | DEBUG | Using proactor: IocpProactor
2025-10-18 14:21:17,563 | INFO | 🚀 Starting D2L automation (attach-only mode)...
2025-10-18 14:21:18,648 | INFO | 🔗 Attempting to connect to existing Chrome on port 9223...
2025-10-18 14:21:19,023 | INFO | ✅ Connected successfully to running Chrome session.
2025-10-18 14:21:19,023 | INFO | 🌍 Navigating to https://d2l.lonestar.edu/
2025-10-18 14:21:25,133 | INFO | ✅ Browser ready for manual login or D2L interaction.
2025-10-18 14:21:25,133 | INFO | 🕓 Holding browser open indefinitely (D2L session active).
2025-10-18 14:23:49,208 | INFO | 🐍 D2L Processor started via CLI.
2025-10-18 14:23:49,208 | INFO | 🧠 Starting D2L automation process...
2025-10-18 14:23:49,208 | DEBUG | Using proactor: IocpProactor
2025-10-18 14:23:49,210 | INFO | 🚀 Starting D2L automation (attach-only mode)...
2025-10-18 14:23:50,275 | INFO | 🔗 Attempting to connect to existing Chrome on port 9223...
2025-10-18 14:23:50,654 | INFO | ✅ Connected successfully to running Chrome session.
2025-10-18 14:23:50,654 | INFO | 🌍 Navigating to https://d2l.lonestar.edu/
2025-10-18 14:23:55,701 | INFO | ✅ Browser ready for manual login or D2L interaction.
2025-10-18 14:23:55,701 | INFO | 🕓 Holding browser open indefinitely (D2L session active).
